This is pdfTeX, Version 3.141592653-2.6-1.40.26 (TeX Live 2024) (preloaded format=pdflatex 2024.10.1)  9 DEC 2024 13:54
entering extended mode
 restricted \write18 enabled.
 file:line:error style messages enabled.
 %&-line parsing enabled.
**reference.bib
(./reference.bib
LaTeX2e <2023-11-01> patch level 1
L3 programming layer <2024-02-20>

./reference.bib:1: LaTeX Error: Missing \begin{document}.

See the LaTeX manual or LaTeX Companion for explanation.
Type  H <return>  for immediate help.
 ...                                              
                                                  
l.1 @
     ARTICLE{9906925,
? 
./reference.bib:1: Emergency stop.
 ...                                              
                                                  
l.1 @
     ARTICLE{9906925,
You're in trouble here.  Try typing  <return>  to proceed.
If that doesn't work, type  X <return>  to quit.

 
Here is how much of TeX's memory you used:
 18 strings out of 474116
 528 string characters out of 5743682
 1925187 words of memory out of 5000000
 22476 multiletter control sequences out of 15000+600000
 558069 words of font info for 36 fonts, out of 8000000 for 9000
 1141 hyphenation exceptions out of 8191
 15i,0n,18p,66b,14s stack positions out of 10000i,1000n,20000p,200000b,200000s
./reference.bib:1:  ==> Fatal error occurred, no output PDF file produced!
